  Bus.cpp
D:\GitHub\autoTransportOOP\autoTransportOOP\Transport.h(21,77): warning C4244: =: преобразование "int" в "float", возможна потеря данных
D:\GitHub\autoTransportOOP\autoTransportOOP\Transport.h(24,38): warning C4244: return: преобразование "float" в "int", возможна потеря данных
D:\GitHub\autoTransportOOP\autoTransportOOP\Bus.cpp(19,18): warning C4244: =: преобразование "_Ty" в "int", возможна потеря данных
          with
          [
              _Ty=float
          ]
  Car.cpp
D:\GitHub\autoTransportOOP\autoTransportOOP\Transport.h(21,77): warning C4244: =: преобразование "int" в "float", возможна потеря данных
D:\GitHub\autoTransportOOP\autoTransportOOP\Transport.h(24,38): warning C4244: return: преобразование "float" в "int", возможна потеря данных
D:\GitHub\autoTransportOOP\autoTransportOOP\Car.cpp(19,18): warning C4244: =: преобразование "_Ty" в "int", возможна потеря данных
          with
          [
              _Ty=float
          ]
  Container.cpp
D:\GitHub\autoTransportOOP\autoTransportOOP\Transport.h(21,77): warning C4244: =: преобразование "int" в "float", возможна потеря данных
D:\GitHub\autoTransportOOP\autoTransportOOP\Transport.h(24,38): warning C4244: return: преобразование "float" в "int", возможна потеря данных
D:\GitHub\autoTransportOOP\autoTransportOOP\Container.cpp(93,13): warning C4101: temp: неиспользованная локальная переменная
  Transport.cpp
D:\GitHub\autoTransportOOP\autoTransportOOP\Transport.h(21,77): warning C4244: =: преобразование "int" в "float", возможна потеря данных
D:\GitHub\autoTransportOOP\autoTransportOOP\Transport.h(24,38): warning C4244: return: преобразование "float" в "int", возможна потеря данных
D:\GitHub\autoTransportOOP\autoTransportOOP\Transport.cpp(77,17): warning C4244: =: преобразование "_Ty" в "int", возможна потеря данных
          with
          [
              _Ty=float
          ]
  Truck.cpp
D:\GitHub\autoTransportOOP\autoTransportOOP\Transport.h(21,77): warning C4244: =: преобразование "int" в "float", возможна потеря данных
D:\GitHub\autoTransportOOP\autoTransportOOP\Transport.h(24,38): warning C4244: return: преобразование "float" в "int", возможна потеря данных
D:\GitHub\autoTransportOOP\autoTransportOOP\Truck.cpp(19,18): warning C4244: =: преобразование "_Ty" в "int", возможна потеря данных
          with
          [
              _Ty=float
          ]
  autoTransportOOP.cpp
D:\GitHub\autoTransportOOP\autoTransportOOP\Transport.h(21,77): warning C4244: =: преобразование "int" в "float", возможна потеря данных
D:\GitHub\autoTransportOOP\autoTransportOOP\Transport.h(24,38): warning C4244: return: преобразование "float" в "int", возможна потеря данных
  Создание кода...
  autoTransportOOP.vcxproj -> D:\GitHub\autoTransportOOP\Debug\autoTransportOOP.exe
